[0m18:17:46.421100 [debug] [MainThread]: Sending event: {'category': 'dbt', 'action': 'invocation', 'label': 'start', 'context': [<snowplow_tracker.self_describing_json.SelfDescribingJson object at 0x108a079d0>, <snowplow_tracker.self_describing_json.SelfDescribingJson object at 0x108a6be50>, <snowplow_tracker.self_describing_json.SelfDescribingJson object at 0x108a6bfd0>]}


============================== 18:17:46.436463 | 573a1883-e582-4224-b906-4eed73893c12 ==============================
[0m18:17:46.436463 [info ] [MainThread]: Running with dbt=1.7.8
[0m18:17:46.436837 [debug] [MainThread]: running dbt with arguments {'printer_width': '80', 'indirect_selection': 'eager', 'log_cache_events': 'False', 'write_json': 'True', 'partial_parse': 'True', 'cache_selected_only': 'False', 'profiles_dir': '/Users/debolbac/.dbt', 'version_check': 'True', 'warn_error': 'None', 'log_path': 'logs', 'debug': 'False', 'fail_fast': 'False', 'use_colors': 'True', 'use_experimental_parser': 'False', 'no_print': 'None', 'quiet': 'False', 'warn_error_options': 'WarnErrorOptions(include=[], exclude=[])', 'invocation_command': 'dbt init dbt-project', 'static_parser': 'True', 'introspect': 'True', 'target_path': 'None', 'log_format': 'default', 'send_anonymous_usage_stats': 'True'}
[0m18:18:05.336771 [debug] [MainThread]: Starter project path: /Users/debolbac/Documents/dbt-course-udemy/venv/lib/python3.11/site-packages/dbt/include/starter_project
[0m18:18:05.425538 [info ] [MainThread]: 
Your new dbt project "dbt_project" was created!

For more information on how to configure the profiles.yml file,
please consult the dbt documentation here:

  https://docs.getdbt.com/docs/configure-your-profile

One more thing:

Need help? Don't hesitate to reach out to us via GitHub issues or on Slack:

  https://community.getdbt.com/

Happy modeling!

[0m18:18:05.426968 [info ] [MainThread]: Setting up your profile.
[0m18:22:01.486554 [info ] [MainThread]: Profile dbt_project written to /Users/debolbac/.dbt/profiles.yml using target's profile_template.yml and your supplied values. Run 'dbt debug' to validate the connection.
[0m18:22:01.616315 [debug] [MainThread]: Resource report: {"command_name": "init", "command_success": true, "command_wall_clock_time": 255.2696, "process_user_time": 1.11676, "process_kernel_time": 0.347141, "process_mem_max_rss": "120782848", "process_in_blocks": "0", "process_out_blocks": "0"}
[0m18:22:01.617395 [debug] [MainThread]: Command `dbt init` succeeded at 18:22:01.617163 after 255.27 seconds
[0m18:22:01.617955 [debug] [MainThread]: Sending event: {'category': 'dbt', 'action': 'invocation', 'label': 'end', 'context': [<snowplow_tracker.self_describing_json.SelfDescribingJson object at 0x108a11c10>, <snowplow_tracker.self_describing_json.SelfDescribingJson object at 0x10bb30190>, <snowplow_tracker.self_describing_json.SelfDescribingJson object at 0x10499d850>]}
[0m18:22:01.618871 [debug] [MainThread]: Flushing usage events
[0m18:25:05.362842 [debug] [MainThread]: Sending event: {'category': 'dbt', 'action': 'invocation', 'label': 'start', 'context': [<snowplow_tracker.self_describing_json.SelfDescribingJson object at 0x1070da5d0>, <snowplow_tracker.self_describing_json.SelfDescribingJson object at 0x1091e7dd0>, <snowplow_tracker.self_describing_json.SelfDescribingJson object at 0x1091e7d90>]}


============================== 18:25:05.371754 | 771c9893-5c15-4de0-816f-99fac6315e41 ==============================
[0m18:25:05.371754 [info ] [MainThread]: Running with dbt=1.7.8
[0m18:25:05.372261 [debug] [MainThread]: running dbt with arguments {'printer_width': '80', 'indirect_selection': 'eager', 'write_json': 'True', 'log_cache_events': 'False', 'partial_parse': 'True', 'cache_selected_only': 'False', 'warn_error': 'None', 'fail_fast': 'False', 'profiles_dir': '/Users/debolbac/.dbt', 'log_path': 'logs', 'version_check': 'True', 'debug': 'False', 'use_colors': 'True', 'use_experimental_parser': 'False', 'no_print': 'None', 'quiet': 'False', 'warn_error_options': 'WarnErrorOptions(include=[], exclude=[])', 'introspect': 'True', 'invocation_command': 'dbt debug', 'log_format': 'default', 'target_path': 'None', 'static_parser': 'True', 'send_anonymous_usage_stats': 'True'}
[0m18:25:05.372947 [info ] [MainThread]: dbt version: 1.7.8
[0m18:25:05.373281 [info ] [MainThread]: python version: 3.11.5
[0m18:25:05.373611 [info ] [MainThread]: python path: /Users/debolbac/Documents/dbt-course-udemy/venv/bin/python
[0m18:25:05.373951 [info ] [MainThread]: os info: macOS-14.3.1-arm64-arm-64bit
[0m18:25:06.487124 [info ] [MainThread]: Using profiles dir at /Users/debolbac/.dbt
[0m18:25:06.487516 [info ] [MainThread]: Using profiles.yml file at /Users/debolbac/.dbt/profiles.yml
[0m18:25:06.487733 [info ] [MainThread]: Using dbt_project.yml file at /Users/debolbac/Documents/dbt-course-udemy/dbt_project.yml
[0m18:25:06.494576 [info ] [MainThread]: adapter type: snowflake
[0m18:25:06.494790 [info ] [MainThread]: adapter version: 1.7.1
[0m18:25:06.494999 [info ] [MainThread]: Configuration:
[0m18:25:06.495182 [info ] [MainThread]:   profiles.yml file [[32mOK found and valid[0m]
[0m18:25:06.495356 [info ] [MainThread]:   dbt_project.yml file [[31mERROR not found[0m]
[0m18:25:06.495526 [info ] [MainThread]: Required dependencies:
[0m18:25:06.495769 [debug] [MainThread]: Executing "git --help"
[0m18:25:06.514778 [debug] [MainThread]: STDOUT: "b"usage: git [-v | --version] [-h | --help] [-C <path>] [-c <name>=<value>]\n           [--exec-path[=<path>]] [--html-path] [--man-path] [--info-path]\n           [-p | --paginate | -P | --no-pager] [--no-replace-objects] [--bare]\n           [--git-dir=<path>] [--work-tree=<path>] [--namespace=<name>]\n           [--super-prefix=<path>] [--config-env=<name>=<envvar>]\n           <command> [<args>]\n\nThese are common Git commands used in various situations:\n\nstart a working area (see also: git help tutorial)\n   clone     Clone a repository into a new directory\n   init      Create an empty Git repository or reinitialize an existing one\n\nwork on the current change (see also: git help everyday)\n   add       Add file contents to the index\n   mv        Move or rename a file, a directory, or a symlink\n   restore   Restore working tree files\n   rm        Remove files from the working tree and from the index\n\nexamine the history and state (see also: git help revisions)\n   bisect    Use binary search to find the commit that introduced a bug\n   diff      Show changes between commits, commit and working tree, etc\n   grep      Print lines matching a pattern\n   log       Show commit logs\n   show      Show various types of objects\n   status    Show the working tree status\n\ngrow, mark and tweak your common history\n   branch    List, create, or delete branches\n   commit    Record changes to the repository\n   merge     Join two or more development histories together\n   rebase    Reapply commits on top of another base tip\n   reset     Reset current HEAD to the specified state\n   switch    Switch branches\n   tag       Create, list, delete or verify a tag object signed with GPG\n\ncollaborate (see also: git help workflows)\n   fetch     Download objects and refs from another repository\n   pull      Fetch from and integrate with another repository or a local branch\n   push      Update remote refs along with associated objects\n\n'git help -a' and 'git help -g' list available subcommands and some\nconcept guides. See 'git help <command>' or 'git help <concept>'\nto read about a specific subcommand or concept.\nSee 'git help git' for an overview of the system.\n""
[0m18:25:06.515394 [debug] [MainThread]: STDERR: "b''"
[0m18:25:06.515682 [info ] [MainThread]:  - git [[32mOK found[0m]

[0m18:25:06.515894 [info ] [MainThread]: Connection:
[0m18:25:06.516116 [info ] [MainThread]:   account: SUPYPQL.OM48075
[0m18:25:06.516296 [info ] [MainThread]:   user: dbt
[0m18:25:06.516460 [info ] [MainThread]:   database: AIRBNB
[0m18:25:06.516622 [info ] [MainThread]:   warehouse: COMPUTE_WH
[0m18:25:06.516781 [info ] [MainThread]:   role: transform
[0m18:25:06.516938 [info ] [MainThread]:   schema: DEV
[0m18:25:06.517121 [info ] [MainThread]:   authenticator: None
[0m18:25:06.517266 [info ] [MainThread]:   private_key_path: None
[0m18:25:06.517404 [info ] [MainThread]:   token: None
[0m18:25:06.517545 [info ] [MainThread]:   oauth_client_id: None
[0m18:25:06.517685 [info ] [MainThread]:   query_tag: None
[0m18:25:06.517823 [info ] [MainThread]:   client_session_keep_alive: False
[0m18:25:06.517962 [info ] [MainThread]:   host: None
[0m18:25:06.518100 [info ] [MainThread]:   port: None
[0m18:25:06.518236 [info ] [MainThread]:   proxy_host: None
[0m18:25:06.518371 [info ] [MainThread]:   proxy_port: None
[0m18:25:06.518504 [info ] [MainThread]:   protocol: None
[0m18:25:06.518637 [info ] [MainThread]:   connect_retries: 1
[0m18:25:06.518772 [info ] [MainThread]:   connect_timeout: None
[0m18:25:06.518907 [info ] [MainThread]:   retry_on_database_errors: False
[0m18:25:06.519045 [info ] [MainThread]:   retry_all: False
[0m18:25:06.519180 [info ] [MainThread]:   insecure_mode: False
[0m18:25:06.519314 [info ] [MainThread]:   reuse_connections: None
[0m18:25:06.519584 [info ] [MainThread]: Registered adapter: snowflake=1.7.1
[0m18:25:06.561597 [debug] [MainThread]: Acquiring new snowflake connection 'debug'
[0m18:25:06.562718 [debug] [MainThread]: Using snowflake connection "debug"
[0m18:25:06.562944 [debug] [MainThread]: On debug: select 1 as id
[0m18:25:06.563129 [debug] [MainThread]: Opening a new connection, currently in state init
[0m18:25:11.227962 [debug] [MainThread]: Snowflake adapter: Error running SQL: select 1 as id
[0m18:25:11.229450 [debug] [MainThread]: Snowflake adapter: Rolling back transaction.
[0m18:25:11.230888 [debug] [MainThread]: On debug: No close available on handle
[0m18:25:11.231494 [info ] [MainThread]:   Connection test: [[31mERROR[0m]

[0m18:25:11.231979 [info ] [MainThread]: [31m2 checks failed:[0m
[0m18:25:11.232453 [info ] [MainThread]: Project loading failed for the following reason:
 project path </Users/debolbac/Documents/dbt-course-udemy/dbt_project.yml> not found

[0m18:25:11.233244 [info ] [MainThread]: dbt was unable to connect to the specified database.
The database returned the following error:

  >Database Error
  250001: Could not connect to Snowflake backend after 2 attempt(s).Aborting

Check your database credentials and try again. For more information, visit:
https://docs.getdbt.com/docs/configure-your-profile


[0m18:25:11.236306 [debug] [MainThread]: Resource report: {"command_name": "debug", "command_wall_clock_time": 5.962451, "process_user_time": 2.40347, "process_kernel_time": 0.901177, "process_mem_max_rss": "133595136", "command_success": false, "process_in_blocks": "0", "process_out_blocks": "0"}
[0m18:25:11.237071 [debug] [MainThread]: Command `dbt debug` failed at 18:25:11.236886 after 5.96 seconds
[0m18:25:11.237551 [debug] [MainThread]: Connection 'debug' was properly closed.
[0m18:25:11.237971 [debug] [MainThread]: Sending event: {'category': 'dbt', 'action': 'invocation', 'label': 'end', 'context': [<snowplow_tracker.self_describing_json.SelfDescribingJson object at 0x10918da90>, <snowplow_tracker.self_describing_json.SelfDescribingJson object at 0x109210490>, <snowplow_tracker.self_describing_json.SelfDescribingJson object at 0x105199610>]}
[0m18:25:11.238482 [debug] [MainThread]: Flushing usage events
[0m18:29:49.422533 [debug] [MainThread]: Sending event: {'category': 'dbt', 'action': 'invocation', 'label': 'start', 'context': [<snowplow_tracker.self_describing_json.SelfDescribingJson object at 0x108d26a50>, <snowplow_tracker.self_describing_json.SelfDescribingJson object at 0x108d8bbd0>, <snowplow_tracker.self_describing_json.SelfDescribingJson object at 0x108d8bf90>]}


============================== 18:29:49.424987 | 6158e83d-b0b9-4d5e-baa3-0d972be11c8a ==============================
[0m18:29:49.424987 [info ] [MainThread]: Running with dbt=1.7.8
[0m18:29:49.425284 [debug] [MainThread]: running dbt with arguments {'printer_width': '80', 'indirect_selection': 'eager', 'log_cache_events': 'False', 'write_json': 'True', 'partial_parse': 'True', 'cache_selected_only': 'False', 'warn_error': 'None', 'debug': 'False', 'fail_fast': 'False', 'log_path': 'logs', 'profiles_dir': '/Users/debolbac/.dbt', 'version_check': 'True', 'use_colors': 'True', 'use_experimental_parser': 'False', 'no_print': 'None', 'quiet': 'False', 'warn_error_options': 'WarnErrorOptions(include=[], exclude=[])', 'invocation_command': 'dbt debug', 'log_format': 'default', 'static_parser': 'True', 'target_path': 'None', 'introspect': 'True', 'send_anonymous_usage_stats': 'True'}
[0m18:29:49.425697 [info ] [MainThread]: dbt version: 1.7.8
[0m18:29:49.425945 [info ] [MainThread]: python version: 3.11.5
[0m18:29:49.426134 [info ] [MainThread]: python path: /Users/debolbac/Documents/dbt-course-udemy/venv/bin/python
[0m18:29:49.426291 [info ] [MainThread]: os info: macOS-14.3.1-arm64-arm-64bit
[0m18:29:49.562405 [info ] [MainThread]: Using profiles dir at /Users/debolbac/.dbt
[0m18:29:49.562682 [info ] [MainThread]: Using profiles.yml file at /Users/debolbac/.dbt/profiles.yml
[0m18:29:49.562838 [info ] [MainThread]: Using dbt_project.yml file at /Users/debolbac/Documents/dbt-course-udemy/dbt_project.yml
[0m18:29:49.563399 [info ] [MainThread]: adapter type: snowflake
[0m18:29:49.563540 [info ] [MainThread]: adapter version: 1.7.1
[0m18:29:49.563678 [info ] [MainThread]: Configuration:
[0m18:29:49.563804 [info ] [MainThread]:   profiles.yml file [[32mOK found and valid[0m]
[0m18:29:49.563927 [info ] [MainThread]:   dbt_project.yml file [[31mERROR not found[0m]
[0m18:29:49.564050 [info ] [MainThread]: Required dependencies:
[0m18:29:49.564218 [debug] [MainThread]: Executing "git --help"
[0m18:29:49.577732 [debug] [MainThread]: STDOUT: "b"usage: git [-v | --version] [-h | --help] [-C <path>] [-c <name>=<value>]\n           [--exec-path[=<path>]] [--html-path] [--man-path] [--info-path]\n           [-p | --paginate | -P | --no-pager] [--no-replace-objects] [--bare]\n           [--git-dir=<path>] [--work-tree=<path>] [--namespace=<name>]\n           [--super-prefix=<path>] [--config-env=<name>=<envvar>]\n           <command> [<args>]\n\nThese are common Git commands used in various situations:\n\nstart a working area (see also: git help tutorial)\n   clone     Clone a repository into a new directory\n   init      Create an empty Git repository or reinitialize an existing one\n\nwork on the current change (see also: git help everyday)\n   add       Add file contents to the index\n   mv        Move or rename a file, a directory, or a symlink\n   restore   Restore working tree files\n   rm        Remove files from the working tree and from the index\n\nexamine the history and state (see also: git help revisions)\n   bisect    Use binary search to find the commit that introduced a bug\n   diff      Show changes between commits, commit and working tree, etc\n   grep      Print lines matching a pattern\n   log       Show commit logs\n   show      Show various types of objects\n   status    Show the working tree status\n\ngrow, mark and tweak your common history\n   branch    List, create, or delete branches\n   commit    Record changes to the repository\n   merge     Join two or more development histories together\n   rebase    Reapply commits on top of another base tip\n   reset     Reset current HEAD to the specified state\n   switch    Switch branches\n   tag       Create, list, delete or verify a tag object signed with GPG\n\ncollaborate (see also: git help workflows)\n   fetch     Download objects and refs from another repository\n   pull      Fetch from and integrate with another repository or a local branch\n   push      Update remote refs along with associated objects\n\n'git help -a' and 'git help -g' list available subcommands and some\nconcept guides. See 'git help <command>' or 'git help <concept>'\nto read about a specific subcommand or concept.\nSee 'git help git' for an overview of the system.\n""
[0m18:29:49.578259 [debug] [MainThread]: STDERR: "b''"
[0m18:29:49.578466 [info ] [MainThread]:  - git [[32mOK found[0m]

[0m18:29:49.578635 [info ] [MainThread]: Connection:
[0m18:29:49.578828 [info ] [MainThread]:   account: SUPYPQL-OM48075
[0m18:29:49.578960 [info ] [MainThread]:   user: dbt
[0m18:29:49.579090 [info ] [MainThread]:   database: AIRBNB
[0m18:29:49.579215 [info ] [MainThread]:   warehouse: COMPUTE_WH
[0m18:29:49.579332 [info ] [MainThread]:   role: transform
[0m18:29:49.579452 [info ] [MainThread]:   schema: DEV
[0m18:29:49.579574 [info ] [MainThread]:   authenticator: None
[0m18:29:49.579696 [info ] [MainThread]:   private_key_path: None
[0m18:29:49.579816 [info ] [MainThread]:   token: None
[0m18:29:49.579934 [info ] [MainThread]:   oauth_client_id: None
[0m18:29:49.580053 [info ] [MainThread]:   query_tag: None
[0m18:29:49.580176 [info ] [MainThread]:   client_session_keep_alive: False
[0m18:29:49.580302 [info ] [MainThread]:   host: None
[0m18:29:49.580439 [info ] [MainThread]:   port: None
[0m18:29:49.580560 [info ] [MainThread]:   proxy_host: None
[0m18:29:49.580681 [info ] [MainThread]:   proxy_port: None
[0m18:29:49.580806 [info ] [MainThread]:   protocol: None
[0m18:29:49.580926 [info ] [MainThread]:   connect_retries: 1
[0m18:29:49.581050 [info ] [MainThread]:   connect_timeout: None
[0m18:29:49.581171 [info ] [MainThread]:   retry_on_database_errors: False
[0m18:29:49.581289 [info ] [MainThread]:   retry_all: False
[0m18:29:49.581412 [info ] [MainThread]:   insecure_mode: False
[0m18:29:49.581532 [info ] [MainThread]:   reuse_connections: None
[0m18:29:49.581756 [info ] [MainThread]: Registered adapter: snowflake=1.7.1
[0m18:29:49.585866 [debug] [MainThread]: Acquiring new snowflake connection 'debug'
[0m18:29:49.586769 [debug] [MainThread]: Using snowflake connection "debug"
[0m18:29:49.586949 [debug] [MainThread]: On debug: select 1 as id
[0m18:29:49.587087 [debug] [MainThread]: Opening a new connection, currently in state init
[0m18:29:54.561192 [debug] [MainThread]: SQL status: SUCCESS 1 in 5.0 seconds
[0m18:29:54.563557 [debug] [MainThread]: On debug: Close
[0m18:29:54.843015 [info ] [MainThread]:   Connection test: [[32mOK connection ok[0m]

[0m18:29:54.844226 [info ] [MainThread]: [31m1 check failed:[0m
[0m18:29:54.844881 [info ] [MainThread]: Project loading failed for the following reason:
 project path </Users/debolbac/Documents/dbt-course-udemy/dbt_project.yml> not found

[0m18:29:54.846669 [debug] [MainThread]: Resource report: {"command_name": "debug", "command_wall_clock_time": 5.4530425, "process_user_time": 0.973569, "process_kernel_time": 0.203501, "process_mem_max_rss": "129253376", "command_success": false, "process_in_blocks": "0", "process_out_blocks": "0"}
[0m18:29:54.847148 [debug] [MainThread]: Command `dbt debug` failed at 18:29:54.847046 after 5.45 seconds
[0m18:29:54.847432 [debug] [MainThread]: Connection 'debug' was properly closed.
[0m18:29:54.847695 [debug] [MainThread]: Sending event: {'category': 'dbt', 'action': 'invocation', 'label': 'end', 'context': [<snowplow_tracker.self_describing_json.SelfDescribingJson object at 0x108d31c50>, <snowplow_tracker.self_describing_json.SelfDescribingJson object at 0x107908a90>, <snowplow_tracker.self_describing_json.SelfDescribingJson object at 0x10968ba10>]}
[0m18:29:54.847988 [debug] [MainThread]: Flushing usage events
